<?xml version="1.0" encoding="UTF-8"?>
<testng-results skipped="0" failed="0" total="3" passed="3">
  <reporter-output>
  </reporter-output>
  <suite name="Default suite" duration-ms="38096" started-at="2021-03-03T19:14:57Z" finished-at="2021-03-03T19:15:35Z">
    <groups>
    </groups>
    <test name="Default test" duration-ms="38096" started-at="2021-03-03T19:14:57Z" finished-at="2021-03-03T19:15:35Z">
      <class name="CreateNormalProduct">
        <test-method status="PASS" signature="setup()[pri:0, instance:CreateNormalProduct@dd05255]" name="setup" is-config="true" duration-ms="12344" started-at="2021-03-04T00:44:44Z" finished-at="2021-03-04T00:44:57Z">
          <reporter-output>
          </reporter-output>
        </test-method> <!-- setup -->
        <test-method status="PASS" signature="clickOnproductMenu()[pri:0, instance:CreateNormalProduct@dd05255]" name="clickOnproductMenu" duration-ms="2634" started-at="2021-03-04T00:44:57Z" finished-at="2021-03-04T00:44:59Z">
          <reporter-output>
          </reporter-output>
        </test-method> <!-- clickOnproductMenu -->
        <test-method status="PASS" signature="clickOnAddProductButton()[pri:0, instance:CreateNormalProduct@dd05255]" name="clickOnAddProductButton" duration-ms="35344" started-at="2021-03-04T00:44:59Z" finished-at="2021-03-04T00:45:35Z">
          <reporter-output>
          </reporter-output>
        </test-method> <!-- clickOnAddProductButton -->
        <test-method status="PASS" signature="validateProductCreate()[pri:0, instance:CreateNormalProduct@dd05255]" name="validateProductCreate" duration-ms="88" started-at="2021-03-04T00:45:35Z" finished-at="2021-03-04T00:45:35Z">
          <reporter-output>
          </reporter-output>
        </test-method> <!-- validateProductCreate -->
      </class> <!-- CreateNormalProduct -->
    </test> <!-- Default test -->
  </suite> <!-- Default suite -->
</testng-results>
