<?xml version="1.0" encoding="UTF-8"?>
<testng-results skipped="0" failed="0" total="2" passed="2">
  <reporter-output>
  </reporter-output>
  <suite name="Default suite" duration-ms="9718" started-at="2021-03-04T18:41:43Z" finished-at="2021-03-04T18:41:53Z">
    <groups>
    </groups>
    <test name="Default test" duration-ms="9718" started-at="2021-03-04T18:41:43Z" finished-at="2021-03-04T18:41:53Z">
      <class name="ClickOnOrderListing">
        <test-method status="PASS" signature="setup()[pri:0, instance:ClickOnOrderListing@dd05255]" name="setup" is-config="true" duration-ms="17029" started-at="2021-03-05T00:11:26Z" finished-at="2021-03-05T00:11:43Z">
          <reporter-output>
          </reporter-output>
        </test-method> <!-- setup -->
        <test-method status="PASS" signature="clickOnOrder()[pri:0, instance:ClickOnOrderListing@dd05255]" name="clickOnOrder" duration-ms="3189" started-at="2021-03-05T00:11:44Z" finished-at="2021-03-05T00:11:47Z">
          <reporter-output>
          </reporter-output>
        </test-method> <!-- clickOnOrder -->
        <test-method status="PASS" signature="clickOnOrderExportButton()[pri:0, instance:ClickOnOrderListing@dd05255]" name="clickOnOrderExportButton" duration-ms="6479" started-at="2021-03-05T00:11:47Z" finished-at="2021-03-05T00:11:53Z">
          <reporter-output>
          </reporter-output>
        </test-method> <!-- clickOnOrderExportButton -->
      </class> <!-- ClickOnOrderListing -->
    </test> <!-- Default test -->
  </suite> <!-- Default suite -->
</testng-results>
